2025-09-04 11:40:12,879 - INFO - Starting ringtone playback script...
2025-09-04 11:40:12,879 - INFO - Waiting 5 seconds for debugging purposes...
2025-09-04 11:40:17,880 - INFO - Attempting to play ringtone: C:\devops\ringtones\wav_ringtones\ringtone_20250904_091812_Pras feat. Ol Dirty Bastard  Mýa - Ghetto Supastar That Is What You Are OfficialHD Music Video_80.20959s_to_101.574381s.wav
2025-09-04 11:40:17,881 - INFO - File size: 4102084 bytes
2025-09-04 11:40:17,881 - INFO - File extension: .wav
2025-09-04 11:40:17,882 - INFO - Trying pygame method...
2025-09-04 11:40:39,974 - INFO - Successfully played ringtone with pygame: C:\devops\ringtones\wav_ringtones\ringtone_20250904_091812_Pras feat. Ol Dirty Bastard  Mýa - Ghetto Supastar That Is What You Are OfficialHD Music Video_80.20959s_to_101.574381s.wav
2025-09-04 11:40:39,975 - INFO - Successfully played ringtone using pygame
2025-09-04 11:40:39,976 - INFO - Waiting 3 more seconds before closing...
2025-09-04 11:43:41,509 - INFO - ============================================================
2025-09-04 11:43:41,510 - INFO - RINGTONE PLAYBACK SCRIPT STARTED
2025-09-04 11:43:41,510 - INFO - ============================================================
2025-09-04 11:43:41,510 - INFO - Waiting 5 seconds for debugging purposes...
2025-09-04 11:43:46,511 - INFO - Attempting to play ringtone: C:\devops\ringtones\wav_ringtones\ringtone_20250904_091812_Pras feat. Ol Dirty Bastard  Mýa - Ghetto Supastar That Is What You Are OfficialHD Music Video_80.20959s_to_101.574381s.wav
2025-09-04 11:43:46,512 - INFO - File size: 4102084 bytes
2025-09-04 11:43:46,512 - INFO - File extension: .wav
2025-09-04 11:43:46,512 - INFO - Trying pygame method...
2025-09-04 11:44:08,364 - INFO - Successfully played ringtone with pygame: C:\devops\ringtones\wav_ringtones\ringtone_20250904_091812_Pras feat. Ol Dirty Bastard  Mýa - Ghetto Supastar That Is What You Are OfficialHD Music Video_80.20959s_to_101.574381s.wav
2025-09-04 11:44:08,365 - INFO - Successfully played ringtone using pygame
2025-09-04 11:44:08,365 - INFO - Press any key to close this window...
