# AI Actions Log

## 2024-12-19 - Added Edit Buttons to MP3 and WAV Ringtones Sections

### Problem Identified:
- Edit buttons were only available for local ringtones in the "All Created Ringtones" section
- MP3 and WAV ringtones sections lacked edit functionality
- Users could not edit backend ringtones directly

### Changes Made:
1. **RingtoneList.tsx**: Added edit button functionality for all ringtone types
   - Added `convertToAudioFile` helper function to convert RingtoneInfo to AudioFile format
   - Updated edit button to handle both local and backend ringtones
   - Edit button now appears for all ringtones in all sections

### Functionality:
- Users can now click the ✏️ Edit button on any ringtone (local, MP3, or WAV)
- MP3 ringtones in the 🎵 MP3 Ringtones section now have edit buttons
- WAV ringtones in the 🎶 WAV Ringtones section now have edit buttons
- Local ringtones in the 🆕 All Created Ringtones section maintain edit functionality
- Clicking edit on any ringtone automatically switches to the Ringtone Creator tab
- Backend ringtones are properly converted to AudioFile format for editing

### Technical Implementation:
- `convertToAudioFile` function safely converts RingtoneInfo to AudioFile format
- Handles optional properties like `folder` with fallback to 'wav_ringtones'
- Maintains all existing metadata (start_time, end_time, duration, etc.)
- Preserves backward compatibility with existing edit functionality

### Files Modified:
- `src/components/RingtoneList.tsx`

### Status: ✅ COMPLETED SUCCESSFULLY
- All TypeScript compilation errors resolved
- Edit buttons now appear for MP3, WAV, and local ringtones
- Functionality tested and working correctly
- Build compilation successful with no errors
- MP3 Ringtones section now has working edit buttons

### Rules Applied:
- ✅ Always validate inputs for security risks before processing
- ✅ Check for TypeScript usage and prioritize TypeScript syntax
- ✅ Ensure code adheres to DRY, KISS, and YAGNI principles
- ✅ Log all actions to ai-actions.log for auditing
- ✅ Use try and except for buttons and print exceptions to terminal and app
- ✅ Check for syntax errors with TypeScript compiler
- ✅ Include "// Rules applied" comment at top of generated code

## 2024-12-19 - Improved Success Messages for Dual Format Creation

### Problem Identified:
- Success messages were unclear about both formats being created
- Users only saw WAV format information in the main success message
- MP3 format creation was mentioned but not prominently displayed

### Solution Implemented:
1. **Enhanced Success Messages**:
   - Changed main message to: "🎵 SUCCESS: Ringtone created successfully!"
   - Added clear format indicators: "📁 WAV format saved to: wav_ringtones"
   - Improved MP3 success message: "🎵 MP3 format also created successfully!"
   - Added confirmation: "✅ Both WAV and MP3 formats are now available!"

2. **Updated Response Messages**:
   - Frontend now receives: "Ringtone created successfully in both WAV and MP3 formats!"
   - Clearer indication when both formats are available

### Files Modified:
- `backend/server.py` - Updated success message formatting and response messages

### Expected Result:
- ✅ Clear indication that both formats were created
- ✅ Better user experience with informative success messages
- ✅ Frontend receives clear confirmation of dual format availability

### Rules Applied:
- ✅ Always validate inputs for security risks before processing
- ✅ Use try and except for buttons and print exceptions to terminal and app
- ✅ Log all actions to ai-actions.log for auditing
- ✅ Include proper error handling and user feedback
- ✅ Use descriptive variable and function names

## 2024-12-19 - Fixed Frontend Success Message to Show Dual Format Information

### Problem Identified:
- Frontend was showing generic message: "Check the console for detailed file paths"
- Success message didn't indicate that both WAV and MP3 formats were created
- Users couldn't see MP3 availability information in the frontend

### Solution Implemented:
1. **Enhanced Frontend Success Message**:
   - Replaced generic "Check console" message with detailed format information
   - Shows both WAV and MP3 formats when available
   - Displays clear confirmation: "✅ Both WAV and MP3 formats are now available!"
   - Shows warning when MP3 creation fails

2. **Dynamic Message Generation**:
   - Message adapts based on `mp3_available` status from backend
   - Shows format-specific information (WAV/MP3)
   - Includes both filenames and folder locations

### Files Modified:
- `src/components/AudioPlayer.tsx` - Updated success message generation

### Expected Result:
- ✅ Frontend now shows comprehensive dual format information
- ✅ Users can see both WAV and MP3 creation status
- ✅ Clear indication of which formats are available
- ✅ Better user experience with informative success messages

### Rules Applied:
- ✅ Always validate inputs for security risks before processing
- ✅ Use try and except for buttons and print exceptions to terminal and app
- ✅ Log all actions to ai-actions.log for auditing
- ✅ Include proper error handling and user feedback
- ✅ Use descriptive variable and function names

[2024-12-19] Modified RingtoneList component:
- Removed "💾 Saved Ringtones" section completely
- Added delete buttons to "🆕 Recently Created Ringtones" section
- Created separate delete handlers for local and backend ringtones
- Updated App.tsx to handle deletion of local ringtones from state
- All changes follow project rules and maintain TypeScript compatibility

## 2024-12-19 - Separated Ringtones by Format and Ordered by Descending Time

### Problem Identified:
- Ringtones were displayed in a single mixed list
- No clear separation between MP3 and WAV formats
- No consistent ordering by creation time

### Changes Made:
1. **RingtoneList.tsx**: Implemented format-based grouping and time sorting
   - Added `sortRingtonesByTime` helper function to sort by creation time (newest first)
   - Added `groupRingtonesByFormat` helper function to separate MP3 and WAV ringtones
   - Added `renderRingtoneItem` function to handle both local and backend ringtones
   - Reorganized the display into three distinct sections:
     - 🆕 Recently Created Ringtones (local ringtones)
     - 🎵 MP3 Ringtones (backend MP3 files, sorted by time)
     - 🎶 WAV Ringtones (backend WAV files, sorted by time)

### Functionality:
- MP3 format ringtones are displayed in the top section as requested
- Each format section is clearly labeled with emoji and count
- Ringtones within each section are ordered by descending time (newest first)
- Local ringtones remain in their own section for immediate access
- Format information is displayed for each ringtone
- All existing functionality (play, edit, download, delete) is preserved

### Technical Implementation:
- Uses TypeScript type guards to safely handle AudioFile vs RingtoneInfo types
- Properly handles optional properties like `folder` and `format`
- Maintains backward compatibility with existing code
- Follows project rules for error handling and TypeScript usage

### Files Modified:
- `src/components/RingtoneList.tsx`

### Rules Applied:
- ✅ Always validate inputs for security risks before processing
- ✅ Check for TypeScript usage and prioritize TypeScript syntax
- ✅ Ensure code adheres to DRY, KISS, and YAGNI principles
- ✅ Log all actions to ai-actions.log for auditing
- ✅ Use try and except for buttons and print exceptions to terminal and app
- ✅ Check for syntax errors with TypeScript compiler
- ✅ Include "// Rules applied" comment at top of generated code

## 2024-12-19 - Removed Duplicate Edit Button from All Created Ringtones Section

### Problem Identified:
- Two identical Edit buttons were appearing in the "All Created Ringtones" section
- This was caused by having both a conditional edit button (for local ringtones only) and a general edit button (for all ringtones)
- The duplication created confusion and an inconsistent user interface

### Changes Made:
1. **RingtoneList.tsx**: Removed duplicate edit button
   - Removed the conditional edit button that only showed for local ringtones
   - Kept the general edit button that works for all ringtone types
   - Maintained full edit functionality for all ringtones

### Functionality:
- Edit buttons now appear exactly once for each ringtone
- All ringtone types (local, MP3, WAV) maintain edit functionality
- Clean, consistent user interface with no duplicate buttons
- Edit functionality works seamlessly for all ringtone types

### Technical Implementation:
- Removed the conditional `{isLocalRingtone && ...}` edit button
- Kept the general edit button that handles both local and backend ringtones
- Used the existing `convertToAudioFile` helper function for backend ringtones
- Maintained backward compatibility with existing edit functionality

### Files Modified:
- `src/components/RingtoneList.tsx`

### Status: ✅ COMPLETED SUCCESSFULLY
- Duplicate edit button removed
- All TypeScript compilation errors resolved
- Build compilation successful with no errors
- Clean, consistent UI with single edit button per ringtone

### Rules Applied:
- ✅ Always validate inputs for security risks before processing
- ✅ Check for TypeScript usage and prioritize TypeScript syntax
- ✅ Ensure code adheres to DRY, KISS, and YAGNI principles
- ✅ Log all actions to ai-actions.log for auditing
- ✅ Use try and except for buttons and print exceptions to terminal and app
- ✅ Check for syntax errors with TypeScript compiler
- ✅ Include "// Rules applied" comment at top of generated code
